# JRE version: OpenJDK Runtime Environment Temurin-17.0.7+7 (17.0.7+7) (build 17.0.7+7)
# Java VM: OpenJDK 64-Bit Server VM Temurin-17.0.7+7 (17.0.7+7, mixed mode, sharing, tiered, compressed oops, compressed class ptrs, g1 gc, windows-amd64)
GC Precious Log:
 CPUs: 16 total, 16 available
 Memory: 16077M
 Large Page Support: Disabled
 NUMA Support: Disabled
 Compressed Oops: Enabled (Zero based)
 Heap Region Size: 2M
 Heap Min Capacity: 512M
 Heap Initial Capacity: 512M
 Heap Max Capacity: 4072M
 Pre-touch: Disabled
 Parallel Workers: 13
 Concurrent Workers: 3
 Concurrent Refinement Workers: 13
 Periodic GC: Disabled
 String Deduplication is enabled
Heap:
 garbage-first heap   total 524288K, used 120880K [0x0000000701800000, 0x0000000800000000)
  region size 2048K, 11 young (22528K), 3 survivors (6144K)
 Metaspace       used 89981K, committed 90560K, reserved 1179648K
  class space    used 12931K, committed 13248K, reserved 1048576K
GC Heap History (20 events):
Event: 5736.339 GC heap before
{Heap before GC invocations=77 (full 5):
 garbage-first heap   total 524288K, used 194179K [0x0000000701800000, 0x0000000800000000)
  region size 2048K, 40 young (81920K), 2 survivors (4096K)
 Metaspace       used 89167K, committed 89664K, reserved 1179648K
  class space    used 12853K, committed 13056K, reserved 1048576K
}
Event: 5736.343 GC heap after
{Heap after GC invocations=78 (full 5):
 garbage-first heap   total 524288K, used 117170K [0x0000000701800000, 0x0000000800000000)
  region size 2048K, 2 young (4096K), 2 survivors (4096K)
 Metaspace       used 89167K, committed 89664K, reserved 1179648K
  class space    used 12853K, committed 13056K, reserved 1048576K
}
Event: 5773.727 GC heap before
{Heap before GC invocations=78 (full 5):
 garbage-first heap   total 524288K, used 194994K [0x0000000701800000, 0x0000000800000000)
  region size 2048K, 40 young (81920K), 2 survivors (4096K)
 Metaspace       used 89320K, committed 89856K, reserved 1179648K
  class space    used 12888K, committed 13184K, reserved 1048576K
}
Event: 5773.732 GC heap after
{Heap after GC invocations=79 (full 5):
 garbage-first heap   total 524288K, used 105653K [0x0000000701800000, 0x0000000800000000)
  region size 2048K, 3 young (6144K), 3 survivors (6144K)
 Metaspace       used 89320K, committed 89856K, reserved 1179648K
  class space    used 12888K, committed 13184K, reserved 1048576K
}
Event: 5777.357 GC heap before
{Heap before GC invocations=79 (full 5):
 garbage-first heap   total 524288K, used 179381K [0x0000000701800000, 0x0000000800000000)
  region size 2048K, 40 young (81920K), 3 survivors (6144K)
 Metaspace       used 89366K, committed 89920K, reserved 1179648K
  class space    used 12888K, committed 13184K, reserved 1048576K
}
Event: 5777.361 GC heap after
{Heap after GC invocations=80 (full 5):
 garbage-first heap   total 524288K, used 105647K [0x0000000701800000, 0x0000000800000000)
  region size 2048K, 3 young (6144K), 3 survivors (6144K)
 Metaspace       used 89366K, committed 89920K, reserved 1179648K
  class space    used 12888K, committed 13184K, reserved 1048576K
}
Event: 5779.756 GC heap before
{Heap before GC invocations=80 (full 5):
 garbage-first heap   total 524288K, used 181423K [0x0000000701800000, 0x0000000800000000)
  region size 2048K, 40 young (81920K), 3 survivors (6144K)
 Metaspace       used 89403K, committed 89984K, reserved 1179648K
  class space    used 12888K, committed 13184K, reserved 1048576K
}
Event: 5779.760 GC heap after
{Heap after GC invocations=81 (full 5):
 garbage-first heap   total 524288K, used 105910K [0x0000000701800000, 0x0000000800000000)
  region size 2048K, 3 young (6144K), 3 survivors (6144K)
 Metaspace       used 89403K, committed 89984K, reserved 1179648K
  class space    used 12888K, committed 13184K, reserved 1048576K
}
Event: 5782.668 GC heap before
{Heap before GC invocations=81 (full 5):
 garbage-first heap   total 524288K, used 181686K [0x0000000701800000, 0x0000000800000000)
  region size 2048K, 40 young (81920K), 3 survivors (6144K)
 Metaspace       used 89433K, committed 89984K, reserved 1179648K
  class space    used 12888K, committed 13184K, reserved 1048576K
}
Event: 5782.672 GC heap after
{Heap after GC invocations=82 (full 5):
 garbage-first heap   total 524288K, used 106221K [0x0000000701800000, 0x0000000800000000)
  region size 2048K, 3 young (6144K), 3 survivors (6144K)
 Metaspace       used 89433K, committed 89984K, reserved 1179648K
  class space    used 12888K, committed 13184K, reserved 1048576K
}
Event: 5803.515 GC heap before
{Heap before GC invocations=82 (full 5):
 garbage-first heap   total 524288K, used 181997K [0x0000000701800000, 0x0000000800000000)
  region size 2048K, 40 young (81920K), 3 survivors (6144K)
 Metaspace       used 89472K, committed 90048K, reserved 1179648K
  class space    used 12889K, committed 13184K, reserved 1048576K
}
Event: 5803.519 GC heap after
{Heap after GC invocations=83 (full 5):
 garbage-first heap   total 524288K, used 106178K [0x0000000701800000, 0x0000000800000000)
  region size 2048K, 3 young (6144K), 3 survivors (6144K)
 Metaspace       used 89472K, committed 90048K, reserved 1179648K
  class space    used 12889K, committed 13184K, reserved 1048576K
}
Event: 5812.656 GC heap before
{Heap before GC invocations=83 (full 5):
 garbage-first heap   total 524288K, used 181954K [0x0000000701800000, 0x0000000800000000)
  region size 2048K, 40 young (81920K), 3 survivors (6144K)
 Metaspace       used 89565K, committed 90112K, reserved 1179648K
  class space    used 12892K, committed 13184K, reserved 1048576K
}
Event: 5812.661 GC heap after
{Heap after GC invocations=84 (full 5):
 garbage-first heap   total 524288K, used 105969K [0x0000000701800000, 0x0000000800000000)
  region size 2048K, 3 young (6144K), 3 survivors (6144K)
 Metaspace       used 89565K, committed 90112K, reserved 1179648K
  class space    used 12892K, committed 13184K, reserved 1048576K
}
Event: 5830.577 GC heap before
{Heap before GC invocations=84 (full 5):
 garbage-first heap   total 524288K, used 181745K [0x0000000701800000, 0x0000000800000000)
  region size 2048K, 40 young (81920K), 3 survivors (6144K)
 Metaspace       used 89821K, committed 90432K, reserved 1179648K
  class space    used 12929K, committed 13248K, reserved 1048576K
}
Event: 5830.581 GC heap after
{Heap after GC invocations=85 (full 5):
 garbage-first heap   total 524288K, used 106006K [0x0000000701800000, 0x0000000800000000)
  region size 2048K, 3 young (6144K), 3 survivors (6144K)
 Metaspace       used 89821K, committed 90432K, reserved 1179648K
  class space    used 12929K, committed 13248K, reserved 1048576K
}
Event: 5843.730 GC heap before
{Heap before GC invocations=85 (full 5):
 garbage-first heap   total 524288K, used 181782K [0x0000000701800000, 0x0000000800000000)
  region size 2048K, 40 young (81920K), 3 survivors (6144K)
 Metaspace       used 89883K, committed 90496K, reserved 1179648K
  class space    used 12931K, committed 13248K, reserved 1048576K
}
Event: 5843.735 GC heap after
{Heap after GC invocations=86 (full 5):
 garbage-first heap   total 524288K, used 106355K [0x0000000701800000, 0x0000000800000000)
  region size 2048K, 3 young (6144K), 3 survivors (6144K)
 Metaspace       used 89883K, committed 90496K, reserved 1179648K
  class space    used 12931K, committed 13248K, reserved 1048576K
}
Event: 5857.952 GC heap before
{Heap before GC invocations=86 (full 5):
 garbage-first heap   total 524288K, used 182131K [0x0000000701800000, 0x0000000800000000)
  region size 2048K, 40 young (81920K), 3 survivors (6144K)
 Metaspace       used 89967K, committed 90560K, reserved 1179648K
  class space    used 12931K, committed 13248K, reserved 1048576K
}
Event: 5857.956 GC heap after
{Heap after GC invocations=87 (full 5):
 garbage-first heap   total 524288K, used 106544K [0x0000000701800000, 0x0000000800000000)
  region size 2048K, 3 young (6144K), 3 survivors (6144K)
 Metaspace       used 89967K, committed 90560K, reserved 1179648K
  class space    used 12931K, committed 13248K, reserved 1048576K
}

