# JRE version: OpenJDK Runtime Environment Temurin-17.0.7+7 (17.0.7+7) (build 17.0.7+7)
# Java VM: OpenJDK 64-Bit Server VM Temurin-17.0.7+7 (17.0.7+7, mixed mode, sharing, tiered, compressed oops, compressed class ptrs, g1 gc, windows-amd64)
GC Precious Log:
 CPUs: 16 total, 16 available
 Memory: 16077M
 Large Page Support: Disabled
 NUMA Support: Disabled
 Compressed Oops: Enabled (Zero based)
 Heap Region Size: 2M
 Heap Min Capacity: 512M
 Heap Initial Capacity: 512M
 Heap Max Capacity: 4072M
 Pre-touch: Disabled
 Parallel Workers: 13
 Concurrent Workers: 3
 Concurrent Refinement Workers: 13
 Periodic GC: Disabled
 String Deduplication is enabled
Heap:
 garbage-first heap   total 524288K, used 130097K [0x0000000701800000, 0x0000000800000000)
  region size 2048K, 32 young (65536K), 1 survivors (2048K)
 Metaspace       used 82695K, committed 84096K, reserved 1179648K
  class space    used 11430K, committed 11968K, reserved 1048576K
GC Heap History (20 events):
Event: 3748.272 GC heap before
{Heap before GC invocations=85 (full 4):
 garbage-first heap   total 524288K, used 165926K [0x0000000701800000, 0x0000000800000000)
  region size 2048K, 40 young (81920K), 1 survivors (2048K)
 Metaspace       used 83237K, committed 83968K, reserved 1179648K
  class space    used 11583K, committed 11968K, reserved 1048576K
}
Event: 3748.280 GC heap after
{Heap after GC invocations=86 (full 4):
 garbage-first heap   total 524288K, used 86101K [0x0000000701800000, 0x0000000800000000)
  region size 2048K, 1 young (2048K), 1 survivors (2048K)
 Metaspace       used 83237K, committed 83968K, reserved 1179648K
  class space    used 11583K, committed 11968K, reserved 1048576K
}
Event: 3935.600 GC heap before
{Heap before GC invocations=86 (full 4):
 garbage-first heap   total 524288K, used 165973K [0x0000000701800000, 0x0000000800000000)
  region size 2048K, 40 young (81920K), 1 survivors (2048K)
 Metaspace       used 83237K, committed 83968K, reserved 1179648K
  class space    used 11583K, committed 11968K, reserved 1048576K
}
Event: 3935.608 GC heap after
{Heap after GC invocations=87 (full 4):
 garbage-first heap   total 524288K, used 86137K [0x0000000701800000, 0x0000000800000000)
  region size 2048K, 1 young (2048K), 1 survivors (2048K)
 Metaspace       used 83237K, committed 83968K, reserved 1179648K
  class space    used 11583K, committed 11968K, reserved 1048576K
}
Event: 4121.907 GC heap before
{Heap before GC invocations=87 (full 4):
 garbage-first heap   total 524288K, used 166009K [0x0000000701800000, 0x0000000800000000)
  region size 2048K, 40 young (81920K), 1 survivors (2048K)
 Metaspace       used 83237K, committed 83968K, reserved 1179648K
  class space    used 11583K, committed 11968K, reserved 1048576K
}
Event: 4121.915 GC heap after
{Heap after GC invocations=88 (full 4):
 garbage-first heap   total 524288K, used 86191K [0x0000000701800000, 0x0000000800000000)
  region size 2048K, 1 young (2048K), 1 survivors (2048K)
 Metaspace       used 83237K, committed 83968K, reserved 1179648K
  class space    used 11583K, committed 11968K, reserved 1048576K
}
Event: 4240.666 GC heap before
{Heap before GC invocations=88 (full 4):
 garbage-first heap   total 524288K, used 166063K [0x0000000701800000, 0x0000000800000000)
  region size 2048K, 40 young (81920K), 1 survivors (2048K)
 Metaspace       used 83246K, committed 83968K, reserved 1179648K
  class space    used 11583K, committed 11968K, reserved 1048576K
}
Event: 4240.671 GC heap after
{Heap after GC invocations=89 (full 4):
 garbage-first heap   total 524288K, used 86159K [0x0000000701800000, 0x0000000800000000)
  region size 2048K, 1 young (2048K), 1 survivors (2048K)
 Metaspace       used 83246K, committed 83968K, reserved 1179648K
  class space    used 11583K, committed 11968K, reserved 1048576K
}
Event: 4405.860 GC heap before
{Heap before GC invocations=89 (full 4):
 garbage-first heap   total 524288K, used 166031K [0x0000000701800000, 0x0000000800000000)
  region size 2048K, 40 young (81920K), 1 survivors (2048K)
 Metaspace       used 83246K, committed 83968K, reserved 1179648K
  class space    used 11583K, committed 11968K, reserved 1048576K
}
Event: 4405.868 GC heap after
{Heap after GC invocations=90 (full 4):
 garbage-first heap   total 524288K, used 86250K [0x0000000701800000, 0x0000000800000000)
  region size 2048K, 1 young (2048K), 1 survivors (2048K)
 Metaspace       used 83246K, committed 83968K, reserved 1179648K
  class space    used 11583K, committed 11968K, reserved 1048576K
}
Event: 4595.482 GC heap before
{Heap before GC invocations=90 (full 4):
 garbage-first heap   total 524288K, used 166122K [0x0000000701800000, 0x0000000800000000)
  region size 2048K, 40 young (81920K), 1 survivors (2048K)
 Metaspace       used 83246K, committed 83968K, reserved 1179648K
  class space    used 11583K, committed 11968K, reserved 1048576K
}
Event: 4595.491 GC heap after
{Heap after GC invocations=91 (full 4):
 garbage-first heap   total 524288K, used 86261K [0x0000000701800000, 0x0000000800000000)
  region size 2048K, 1 young (2048K), 1 survivors (2048K)
 Metaspace       used 83246K, committed 83968K, reserved 1179648K
  class space    used 11583K, committed 11968K, reserved 1048576K
}
Event: 4784.433 GC heap before
{Heap before GC invocations=91 (full 4):
 garbage-first heap   total 524288K, used 166133K [0x0000000701800000, 0x0000000800000000)
  region size 2048K, 40 young (81920K), 1 survivors (2048K)
 Metaspace       used 83247K, committed 83968K, reserved 1179648K
  class space    used 11583K, committed 11968K, reserved 1048576K
}
Event: 4784.440 GC heap after
{Heap after GC invocations=92 (full 4):
 garbage-first heap   total 524288K, used 86248K [0x0000000701800000, 0x0000000800000000)
  region size 2048K, 1 young (2048K), 1 survivors (2048K)
 Metaspace       used 83247K, committed 83968K, reserved 1179648K
  class space    used 11583K, committed 11968K, reserved 1048576K
}
Event: 4969.895 GC heap before
{Heap before GC invocations=92 (full 4):
 garbage-first heap   total 524288K, used 166120K [0x0000000701800000, 0x0000000800000000)
  region size 2048K, 40 young (81920K), 1 survivors (2048K)
 Metaspace       used 83247K, committed 83968K, reserved 1179648K
  class space    used 11583K, committed 11968K, reserved 1048576K
}
Event: 4969.904 GC heap after
{Heap after GC invocations=93 (full 4):
 garbage-first heap   total 524288K, used 86269K [0x0000000701800000, 0x0000000800000000)
  region size 2048K, 1 young (2048K), 1 survivors (2048K)
 Metaspace       used 83247K, committed 83968K, reserved 1179648K
  class space    used 11583K, committed 11968K, reserved 1048576K
}
Event: 4987.880 GC heap before
{Heap before GC invocations=93 (full 4):
 garbage-first heap   total 524288K, used 127229K [0x0000000701800000, 0x0000000800000000)
  region size 2048K, 22 young (45056K), 1 survivors (2048K)
 Metaspace       used 83290K, committed 84032K, reserved 1179648K
  class space    used 11583K, committed 11968K, reserved 1048576K
}
Event: 4987.963 GC heap after
{Heap after GC invocations=94 (full 5):
 garbage-first heap   total 524288K, used 67390K [0x0000000701800000, 0x0000000800000000)
  region size 2048K, 0 young (0K), 0 survivors (0K)
 Metaspace       used 82603K, committed 84032K, reserved 1179648K
  class space    used 11429K, committed 11968K, reserved 1048576K
}
Event: 5092.452 GC heap before
{Heap before GC invocations=94 (full 5):
 garbage-first heap   total 524288K, used 149310K [0x0000000701800000, 0x0000000800000000)
  region size 2048K, 40 young (81920K), 0 survivors (0K)
 Metaspace       used 82668K, committed 84032K, reserved 1179648K
  class space    used 11430K, committed 11968K, reserved 1048576K
}
Event: 5092.455 GC heap after
{Heap after GC invocations=95 (full 5):
 garbage-first heap   total 524288K, used 68657K [0x0000000701800000, 0x0000000800000000)
  region size 2048K, 1 young (2048K), 1 survivors (2048K)
 Metaspace       used 82668K, committed 84032K, reserved 1179648K
  class space    used 11430K, committed 11968K, reserved 1048576K
}

