# JRE version: OpenJDK Runtime Environment Temurin-17.0.7+7 (17.0.7+7) (build 17.0.7+7)
# Java VM: OpenJDK 64-Bit Server VM Temurin-17.0.7+7 (17.0.7+7, mixed mode, sharing, tiered, compressed oops, compressed class ptrs, g1 gc, windows-amd64)
GC Precious Log:
 CPUs: 16 total, 16 available
 Memory: 16077M
 Large Page Support: Disabled
 NUMA Support: Disabled
 Compressed Oops: Enabled (Zero based)
 Heap Region Size: 2M
 Heap Min Capacity: 512M
 Heap Initial Capacity: 512M
 Heap Max Capacity: 4072M
 Pre-touch: Disabled
 Parallel Workers: 13
 Concurrent Workers: 3
 Concurrent Refinement Workers: 13
 Periodic GC: Disabled
 String Deduplication is enabled
Heap:
 garbage-first heap   total 524288K, used 88424K [0x0000000701800000, 0x0000000800000000)
  region size 2048K, 4 young (8192K), 2 survivors (4096K)
 Metaspace       used 79215K, committed 79872K, reserved 1179648K
  class space    used 10885K, committed 11200K, reserved 1048576K
GC Heap History (20 events):
Event: 3919.562 GC heap before
{Heap before GC invocations=43 (full 5):
 garbage-first heap   total 524288K, used 163090K [0x0000000701800000, 0x0000000800000000)
  region size 2048K, 40 young (81920K), 2 survivors (4096K)
 Metaspace       used 78628K, committed 79232K, reserved 1179648K
  class space    used 10881K, committed 11200K, reserved 1048576K
}
Event: 3919.567 GC heap after
{Heap after GC invocations=44 (full 5):
 garbage-first heap   total 524288K, used 85263K [0x0000000701800000, 0x0000000800000000)
  region size 2048K, 2 young (4096K), 2 survivors (4096K)
 Metaspace       used 78628K, committed 79232K, reserved 1179648K
  class space    used 10881K, committed 11200K, reserved 1048576K
}
Event: 3922.619 GC heap before
{Heap before GC invocations=44 (full 5):
 garbage-first heap   total 524288K, used 163087K [0x0000000701800000, 0x0000000800000000)
  region size 2048K, 40 young (81920K), 2 survivors (4096K)
 Metaspace       used 78692K, committed 79360K, reserved 1179648K
  class space    used 10881K, committed 11200K, reserved 1048576K
}
Event: 3922.626 GC heap after
{Heap after GC invocations=45 (full 5):
 garbage-first heap   total 524288K, used 86061K [0x0000000701800000, 0x0000000800000000)
  region size 2048K, 3 young (6144K), 3 survivors (6144K)
 Metaspace       used 78692K, committed 79360K, reserved 1179648K
  class space    used 10881K, committed 11200K, reserved 1048576K
}
Event: 3925.615 GC heap before
{Heap before GC invocations=45 (full 5):
 garbage-first heap   total 524288K, used 161837K [0x0000000701800000, 0x0000000800000000)
  region size 2048K, 40 young (81920K), 3 survivors (6144K)
 Metaspace       used 78756K, committed 79424K, reserved 1179648K
  class space    used 10881K, committed 11200K, reserved 1048576K
}
Event: 3925.621 GC heap after
{Heap after GC invocations=46 (full 5):
 garbage-first heap   total 524288K, used 85702K [0x0000000701800000, 0x0000000800000000)
  region size 2048K, 2 young (4096K), 2 survivors (4096K)
 Metaspace       used 78756K, committed 79424K, reserved 1179648K
  class space    used 10881K, committed 11200K, reserved 1048576K
}
Event: 3934.042 GC heap before
{Heap before GC invocations=46 (full 5):
 garbage-first heap   total 524288K, used 163526K [0x0000000701800000, 0x0000000800000000)
  region size 2048K, 40 young (81920K), 2 survivors (4096K)
 Metaspace       used 78873K, committed 79488K, reserved 1179648K
  class space    used 10884K, committed 11200K, reserved 1048576K
}
Event: 3934.046 GC heap after
{Heap after GC invocations=47 (full 5):
 garbage-first heap   total 524288K, used 85557K [0x0000000701800000, 0x0000000800000000)
  region size 2048K, 2 young (4096K), 2 survivors (4096K)
 Metaspace       used 78873K, committed 79488K, reserved 1179648K
  class space    used 10884K, committed 11200K, reserved 1048576K
}
Event: 3936.670 GC heap before
{Heap before GC invocations=47 (full 5):
 garbage-first heap   total 524288K, used 163381K [0x0000000701800000, 0x0000000800000000)
  region size 2048K, 40 young (81920K), 2 survivors (4096K)
 Metaspace       used 78960K, committed 79616K, reserved 1179648K
  class space    used 10884K, committed 11200K, reserved 1048576K
}
Event: 3936.674 GC heap after
{Heap after GC invocations=48 (full 5):
 garbage-first heap   total 524288K, used 86262K [0x0000000701800000, 0x0000000800000000)
  region size 2048K, 3 young (6144K), 3 survivors (6144K)
 Metaspace       used 78960K, committed 79616K, reserved 1179648K
  class space    used 10884K, committed 11200K, reserved 1048576K
}
Event: 3944.658 GC heap before
{Heap before GC invocations=48 (full 5):
 garbage-first heap   total 524288K, used 162038K [0x0000000701800000, 0x0000000800000000)
  region size 2048K, 40 young (81920K), 3 survivors (6144K)
 Metaspace       used 79041K, committed 79680K, reserved 1179648K
  class space    used 10885K, committed 11200K, reserved 1048576K
}
Event: 3944.663 GC heap after
{Heap after GC invocations=49 (full 5):
 garbage-first heap   total 524288K, used 86180K [0x0000000701800000, 0x0000000800000000)
  region size 2048K, 3 young (6144K), 3 survivors (6144K)
 Metaspace       used 79041K, committed 79680K, reserved 1179648K
  class space    used 10885K, committed 11200K, reserved 1048576K
}
Event: 3946.774 GC heap before
{Heap before GC invocations=49 (full 5):
 garbage-first heap   total 524288K, used 161956K [0x0000000701800000, 0x0000000800000000)
  region size 2048K, 40 young (81920K), 3 survivors (6144K)
 Metaspace       used 79074K, committed 79744K, reserved 1179648K
  class space    used 10885K, committed 11200K, reserved 1048576K
}
Event: 3946.778 GC heap after
{Heap after GC invocations=50 (full 5):
 garbage-first heap   total 524288K, used 85747K [0x0000000701800000, 0x0000000800000000)
  region size 2048K, 2 young (4096K), 2 survivors (4096K)
 Metaspace       used 79074K, committed 79744K, reserved 1179648K
  class space    used 10885K, committed 11200K, reserved 1048576K
}
Event: 3950.663 GC heap before
{Heap before GC invocations=50 (full 5):
 garbage-first heap   total 524288K, used 163571K [0x0000000701800000, 0x0000000800000000)
  region size 2048K, 40 young (81920K), 2 survivors (4096K)
 Metaspace       used 79113K, committed 79744K, reserved 1179648K
  class space    used 10885K, committed 11200K, reserved 1048576K
}
Event: 3950.670 GC heap after
{Heap after GC invocations=51 (full 5):
 garbage-first heap   total 524288K, used 86048K [0x0000000701800000, 0x0000000800000000)
  region size 2048K, 2 young (4096K), 2 survivors (4096K)
 Metaspace       used 79113K, committed 79744K, reserved 1179648K
  class space    used 10885K, committed 11200K, reserved 1048576K
}
Event: 3958.689 GC heap before
{Heap before GC invocations=51 (full 5):
 garbage-first heap   total 524288K, used 163872K [0x0000000701800000, 0x0000000800000000)
  region size 2048K, 40 young (81920K), 2 survivors (4096K)
 Metaspace       used 79157K, committed 79808K, reserved 1179648K
  class space    used 10885K, committed 11200K, reserved 1048576K
}
Event: 3958.693 GC heap after
{Heap after GC invocations=52 (full 5):
 garbage-first heap   total 524288K, used 86085K [0x0000000701800000, 0x0000000800000000)
  region size 2048K, 2 young (4096K), 2 survivors (4096K)
 Metaspace       used 79157K, committed 79808K, reserved 1179648K
  class space    used 10885K, committed 11200K, reserved 1048576K
}
Event: 3960.737 GC heap before
{Heap before GC invocations=52 (full 5):
 garbage-first heap   total 524288K, used 163909K [0x0000000701800000, 0x0000000800000000)
  region size 2048K, 40 young (81920K), 2 survivors (4096K)
 Metaspace       used 79199K, committed 79872K, reserved 1179648K
  class space    used 10885K, committed 11200K, reserved 1048576K
}
Event: 3960.741 GC heap after
{Heap after GC invocations=53 (full 5):
 garbage-first heap   total 524288K, used 86376K [0x0000000701800000, 0x0000000800000000)
  region size 2048K, 2 young (4096K), 2 survivors (4096K)
 Metaspace       used 79199K, committed 79872K, reserved 1179648K
  class space    used 10885K, committed 11200K, reserved 1048576K
}

