# JRE version: OpenJDK Runtime Environment Temurin-17.0.7+7 (17.0.7+7) (build 17.0.7+7)
# Java VM: OpenJDK 64-Bit Server VM Temurin-17.0.7+7 (17.0.7+7, mixed mode, sharing, tiered, compressed oops, compressed class ptrs, g1 gc, windows-amd64)
GC Precious Log:
 CPUs: 16 total, 16 available
 Memory: 16077M
 Large Page Support: Disabled
 NUMA Support: Disabled
 Compressed Oops: Enabled (Zero based)
 Heap Region Size: 2M
 Heap Min Capacity: 512M
 Heap Initial Capacity: 512M
 Heap Max Capacity: 4072M
 Pre-touch: Disabled
 Parallel Workers: 13
 Concurrent Workers: 3
 Concurrent Refinement Workers: 13
 Periodic GC: Disabled
 String Deduplication is enabled
Heap:
 garbage-first heap   total 630784K, used 147084K [0x0000000701800000, 0x0000000800000000)
  region size 2048K, 33 young (67584K), 2 survivors (4096K)
 Metaspace       used 81672K, committed 82368K, reserved 1179648K
  class space    used 11088K, committed 11392K, reserved 1048576K
GC Heap History (20 events):
Event: 1604.907 GC heap before
{Heap before GC invocations=46 (full 2):
 garbage-first heap   total 630784K, used 162486K [0x0000000701800000, 0x0000000800000000)
  region size 2048K, 40 young (81920K), 2 survivors (4096K)
 Metaspace       used 81310K, committed 81920K, reserved 1179648K
  class space    used 11087K, committed 11392K, reserved 1048576K
}
Event: 1604.910 GC heap after
{Heap after GC invocations=47 (full 2):
 garbage-first heap   total 630784K, used 84571K [0x0000000701800000, 0x0000000800000000)
  region size 2048K, 2 young (4096K), 2 survivors (4096K)
 Metaspace       used 81310K, committed 81920K, reserved 1179648K
  class space    used 11087K, committed 11392K, reserved 1048576K
}
Event: 1653.553 GC heap before
{Heap before GC invocations=47 (full 2):
 garbage-first heap   total 630784K, used 162395K [0x0000000701800000, 0x0000000800000000)
  region size 2048K, 40 young (81920K), 2 survivors (4096K)
 Metaspace       used 81352K, committed 82048K, reserved 1179648K
  class space    used 11087K, committed 11392K, reserved 1048576K
}
Event: 1653.557 GC heap after
{Heap after GC invocations=48 (full 2):
 garbage-first heap   total 630784K, used 84690K [0x0000000701800000, 0x0000000800000000)
  region size 2048K, 2 young (4096K), 2 survivors (4096K)
 Metaspace       used 81352K, committed 82048K, reserved 1179648K
  class space    used 11087K, committed 11392K, reserved 1048576K
}
Event: 1680.548 GC heap before
{Heap before GC invocations=48 (full 2):
 garbage-first heap   total 630784K, used 162514K [0x0000000701800000, 0x0000000800000000)
  region size 2048K, 40 young (81920K), 2 survivors (4096K)
 Metaspace       used 81414K, committed 82048K, reserved 1179648K
  class space    used 11088K, committed 11392K, reserved 1048576K
}
Event: 1680.551 GC heap after
{Heap after GC invocations=49 (full 2):
 garbage-first heap   total 630784K, used 84490K [0x0000000701800000, 0x0000000800000000)
  region size 2048K, 2 young (4096K), 2 survivors (4096K)
 Metaspace       used 81414K, committed 82048K, reserved 1179648K
  class space    used 11088K, committed 11392K, reserved 1048576K
}
Event: 1683.838 GC heap before
{Heap before GC invocations=49 (full 2):
 garbage-first heap   total 630784K, used 162314K [0x0000000701800000, 0x0000000800000000)
  region size 2048K, 40 young (81920K), 2 survivors (4096K)
 Metaspace       used 81440K, committed 82048K, reserved 1179648K
  class space    used 11088K, committed 11392K, reserved 1048576K
}
Event: 1683.841 GC heap after
{Heap after GC invocations=50 (full 2):
 garbage-first heap   total 630784K, used 85347K [0x0000000701800000, 0x0000000800000000)
  region size 2048K, 2 young (4096K), 2 survivors (4096K)
 Metaspace       used 81440K, committed 82048K, reserved 1179648K
  class space    used 11088K, committed 11392K, reserved 1048576K
}
Event: 1687.833 GC heap before
{Heap before GC invocations=50 (full 2):
 garbage-first heap   total 630784K, used 163171K [0x0000000701800000, 0x0000000800000000)
  region size 2048K, 40 young (81920K), 2 survivors (4096K)
 Metaspace       used 81476K, committed 82112K, reserved 1179648K
  class space    used 11088K, committed 11392K, reserved 1048576K
}
Event: 1687.838 GC heap after
{Heap after GC invocations=51 (full 2):
 garbage-first heap   total 630784K, used 84944K [0x0000000701800000, 0x0000000800000000)
  region size 2048K, 2 young (4096K), 2 survivors (4096K)
 Metaspace       used 81476K, committed 82112K, reserved 1179648K
  class space    used 11088K, committed 11392K, reserved 1048576K
}
Event: 1690.690 GC heap before
{Heap before GC invocations=51 (full 2):
 garbage-first heap   total 630784K, used 162768K [0x0000000701800000, 0x0000000800000000)
  region size 2048K, 40 young (81920K), 2 survivors (4096K)
 Metaspace       used 81525K, committed 82176K, reserved 1179648K
  class space    used 11088K, committed 11392K, reserved 1048576K
}
Event: 1690.693 GC heap after
{Heap after GC invocations=52 (full 2):
 garbage-first heap   total 630784K, used 84856K [0x0000000701800000, 0x0000000800000000)
  region size 2048K, 2 young (4096K), 2 survivors (4096K)
 Metaspace       used 81525K, committed 82176K, reserved 1179648K
  class space    used 11088K, committed 11392K, reserved 1048576K
}
Event: 1702.330 GC heap before
{Heap before GC invocations=52 (full 2):
 garbage-first heap   total 630784K, used 162680K [0x0000000701800000, 0x0000000800000000)
  region size 2048K, 40 young (81920K), 2 survivors (4096K)
 Metaspace       used 81559K, committed 82176K, reserved 1179648K
  class space    used 11088K, committed 11392K, reserved 1048576K
}
Event: 1702.334 GC heap after
{Heap after GC invocations=53 (full 2):
 garbage-first heap   total 630784K, used 84640K [0x0000000701800000, 0x0000000800000000)
  region size 2048K, 1 young (2048K), 1 survivors (2048K)
 Metaspace       used 81559K, committed 82176K, reserved 1179648K
  class space    used 11088K, committed 11392K, reserved 1048576K
}
Event: 1706.872 GC heap before
{Heap before GC invocations=53 (full 2):
 garbage-first heap   total 630784K, used 164512K [0x0000000701800000, 0x0000000800000000)
  region size 2048K, 40 young (81920K), 1 survivors (2048K)
 Metaspace       used 81589K, committed 82240K, reserved 1179648K
  class space    used 11088K, committed 11392K, reserved 1048576K
}
Event: 1706.875 GC heap after
{Heap after GC invocations=54 (full 2):
 garbage-first heap   total 630784K, used 84729K [0x0000000701800000, 0x0000000800000000)
  region size 2048K, 1 young (2048K), 1 survivors (2048K)
 Metaspace       used 81589K, committed 82240K, reserved 1179648K
  class space    used 11088K, committed 11392K, reserved 1048576K
}
Event: 1709.876 GC heap before
{Heap before GC invocations=54 (full 2):
 garbage-first heap   total 630784K, used 164601K [0x0000000701800000, 0x0000000800000000)
  region size 2048K, 40 young (81920K), 1 survivors (2048K)
 Metaspace       used 81610K, committed 82304K, reserved 1179648K
  class space    used 11088K, committed 11392K, reserved 1048576K
}
Event: 1709.879 GC heap after
{Heap after GC invocations=55 (full 2):
 garbage-first heap   total 630784K, used 85429K [0x0000000701800000, 0x0000000800000000)
  region size 2048K, 2 young (4096K), 2 survivors (4096K)
 Metaspace       used 81610K, committed 82304K, reserved 1179648K
  class space    used 11088K, committed 11392K, reserved 1048576K
}
Event: 1713.851 GC heap before
{Heap before GC invocations=55 (full 2):
 garbage-first heap   total 630784K, used 163253K [0x0000000701800000, 0x0000000800000000)
  region size 2048K, 40 young (81920K), 2 survivors (4096K)
 Metaspace       used 81637K, committed 82304K, reserved 1179648K
  class space    used 11088K, committed 11392K, reserved 1048576K
}
Event: 1713.854 GC heap after
{Heap after GC invocations=56 (full 2):
 garbage-first heap   total 630784K, used 85644K [0x0000000701800000, 0x0000000800000000)
  region size 2048K, 2 young (4096K), 2 survivors (4096K)
 Metaspace       used 81637K, committed 82304K, reserved 1179648K
  class space    used 11088K, committed 11392K, reserved 1048576K
}

