# JRE version: OpenJDK Runtime Environment Temurin-17.0.7+7 (17.0.7+7) (build 17.0.7+7)
# Java VM: OpenJDK 64-Bit Server VM Temurin-17.0.7+7 (17.0.7+7, mixed mode, sharing, tiered, compressed oops, compressed class ptrs, g1 gc, windows-amd64)
GC Precious Log:
 CPUs: 16 total, 16 available
 Memory: 16077M
 Large Page Support: Disabled
 NUMA Support: Disabled
 Compressed Oops: Enabled (Zero based)
 Heap Region Size: 2M
 Heap Min Capacity: 512M
 Heap Initial Capacity: 512M
 Heap Max Capacity: 4072M
 Pre-touch: Disabled
 Parallel Workers: 13
 Concurrent Workers: 3
 Concurrent Refinement Workers: 13
 Periodic GC: Disabled
 String Deduplication is enabled
Heap:
 garbage-first heap   total 524288K, used 103396K [0x0000000701800000, 0x0000000800000000)
  region size 2048K, 16 young (32768K), 1 survivors (2048K)
 Metaspace       used 84408K, committed 85120K, reserved 1179648K
  class space    used 11209K, committed 11584K, reserved 1048576K
GC Heap History (20 events):
Event: 5852.504 GC heap before
{Heap before GC invocations=121 (full 6):
 garbage-first heap   total 524288K, used 154205K [0x0000000701800000, 0x0000000800000000)
  region size 2048K, 40 young (81920K), 1 survivors (2048K)
 Metaspace       used 83995K, committed 84992K, reserved 1179648K
  class space    used 11189K, committed 11584K, reserved 1048576K
}
Event: 5852.512 GC heap after
{Heap after GC invocations=122 (full 6):
 garbage-first heap   total 524288K, used 74276K [0x0000000701800000, 0x0000000800000000)
  region size 2048K, 1 young (2048K), 1 survivors (2048K)
 Metaspace       used 83995K, committed 84992K, reserved 1179648K
  class space    used 11189K, committed 11584K, reserved 1048576K
}
Event: 6039.006 GC heap before
{Heap before GC invocations=122 (full 6):
 garbage-first heap   total 524288K, used 154148K [0x0000000701800000, 0x0000000800000000)
  region size 2048K, 40 young (81920K), 1 survivors (2048K)
 Metaspace       used 83995K, committed 84992K, reserved 1179648K
  class space    used 11189K, committed 11584K, reserved 1048576K
}
Event: 6039.016 GC heap after
{Heap after GC invocations=123 (full 6):
 garbage-first heap   total 524288K, used 74249K [0x0000000701800000, 0x0000000800000000)
  region size 2048K, 1 young (2048K), 1 survivors (2048K)
 Metaspace       used 83995K, committed 84992K, reserved 1179648K
  class space    used 11189K, committed 11584K, reserved 1048576K
}
Event: 6154.230 GC heap before
{Heap before GC invocations=123 (full 6):
 garbage-first heap   total 524288K, used 154121K [0x0000000701800000, 0x0000000800000000)
  region size 2048K, 40 young (81920K), 1 survivors (2048K)
 Metaspace       used 84000K, committed 84992K, reserved 1179648K
  class space    used 11189K, committed 11584K, reserved 1048576K
}
Event: 6154.235 GC heap after
{Heap after GC invocations=124 (full 6):
 garbage-first heap   total 524288K, used 74219K [0x0000000701800000, 0x0000000800000000)
  region size 2048K, 1 young (2048K), 1 survivors (2048K)
 Metaspace       used 84000K, committed 84992K, reserved 1179648K
  class space    used 11189K, committed 11584K, reserved 1048576K
}
Event: 6166.951 GC heap before
{Heap before GC invocations=124 (full 6):
 garbage-first heap   total 524288K, used 154091K [0x0000000701800000, 0x0000000800000000)
  region size 2048K, 40 young (81920K), 1 survivors (2048K)
 Metaspace       used 84241K, committed 84992K, reserved 1179648K
  class space    used 11209K, committed 11584K, reserved 1048576K
}
Event: 6166.954 GC heap after
{Heap after GC invocations=125 (full 6):
 garbage-first heap   total 524288K, used 74055K [0x0000000701800000, 0x0000000800000000)
  region size 2048K, 1 young (2048K), 1 survivors (2048K)
 Metaspace       used 84241K, committed 84992K, reserved 1179648K
  class space    used 11209K, committed 11584K, reserved 1048576K
}
Event: 6215.376 GC heap before
{Heap before GC invocations=125 (full 6):
 garbage-first heap   total 524288K, used 153927K [0x0000000701800000, 0x0000000800000000)
  region size 2048K, 40 young (81920K), 1 survivors (2048K)
 Metaspace       used 84259K, committed 84992K, reserved 1179648K
  class space    used 11209K, committed 11584K, reserved 1048576K
}
Event: 6215.380 GC heap after
{Heap after GC invocations=126 (full 6):
 garbage-first heap   total 524288K, used 74048K [0x0000000701800000, 0x0000000800000000)
  region size 2048K, 1 young (2048K), 1 survivors (2048K)
 Metaspace       used 84259K, committed 84992K, reserved 1179648K
  class space    used 11209K, committed 11584K, reserved 1048576K
}
Event: 6238.122 GC heap before
{Heap before GC invocations=126 (full 6):
 garbage-first heap   total 524288K, used 153920K [0x0000000701800000, 0x0000000800000000)
  region size 2048K, 40 young (81920K), 1 survivors (2048K)
 Metaspace       used 84272K, committed 84992K, reserved 1179648K
  class space    used 11209K, committed 11584K, reserved 1048576K
}
Event: 6238.127 GC heap after
{Heap after GC invocations=127 (full 6):
 garbage-first heap   total 524288K, used 74015K [0x0000000701800000, 0x0000000800000000)
  region size 2048K, 1 young (2048K), 1 survivors (2048K)
 Metaspace       used 84272K, committed 84992K, reserved 1179648K
  class space    used 11209K, committed 11584K, reserved 1048576K
}
Event: 6285.207 GC heap before
{Heap before GC invocations=127 (full 6):
 garbage-first heap   total 524288K, used 153887K [0x0000000701800000, 0x0000000800000000)
  region size 2048K, 40 young (81920K), 1 survivors (2048K)
 Metaspace       used 84303K, committed 84992K, reserved 1179648K
  class space    used 11209K, committed 11584K, reserved 1048576K
}
Event: 6285.212 GC heap after
{Heap after GC invocations=128 (full 6):
 garbage-first heap   total 524288K, used 74088K [0x0000000701800000, 0x0000000800000000)
  region size 2048K, 1 young (2048K), 1 survivors (2048K)
 Metaspace       used 84303K, committed 84992K, reserved 1179648K
  class space    used 11209K, committed 11584K, reserved 1048576K
}
Event: 6324.133 GC heap before
{Heap before GC invocations=128 (full 6):
 garbage-first heap   total 524288K, used 153960K [0x0000000701800000, 0x0000000800000000)
  region size 2048K, 40 young (81920K), 1 survivors (2048K)
 Metaspace       used 84346K, committed 84992K, reserved 1179648K
  class space    used 11209K, committed 11584K, reserved 1048576K
}
Event: 6324.141 GC heap after
{Heap after GC invocations=129 (full 6):
 garbage-first heap   total 524288K, used 74101K [0x0000000701800000, 0x0000000800000000)
  region size 2048K, 1 young (2048K), 1 survivors (2048K)
 Metaspace       used 84346K, committed 84992K, reserved 1179648K
  class space    used 11209K, committed 11584K, reserved 1048576K
}
Event: 6367.216 GC heap before
{Heap before GC invocations=129 (full 6):
 garbage-first heap   total 524288K, used 153973K [0x0000000701800000, 0x0000000800000000)
  region size 2048K, 40 young (81920K), 1 survivors (2048K)
 Metaspace       used 84348K, committed 84992K, reserved 1179648K
  class space    used 11209K, committed 11584K, reserved 1048576K
}
Event: 6367.219 GC heap after
{Heap after GC invocations=130 (full 6):
 garbage-first heap   total 524288K, used 74272K [0x0000000701800000, 0x0000000800000000)
  region size 2048K, 1 young (2048K), 1 survivors (2048K)
 Metaspace       used 84348K, committed 84992K, reserved 1179648K
  class space    used 11209K, committed 11584K, reserved 1048576K
}
Event: 6369.504 GC heap before
{Heap before GC invocations=130 (full 6):
 garbage-first heap   total 524288K, used 154144K [0x0000000701800000, 0x0000000800000000)
  region size 2048K, 40 young (81920K), 1 survivors (2048K)
 Metaspace       used 84407K, committed 85120K, reserved 1179648K
  class space    used 11209K, committed 11584K, reserved 1048576K
}
Event: 6369.506 GC heap after
{Heap after GC invocations=131 (full 6):
 garbage-first heap   total 524288K, used 74724K [0x0000000701800000, 0x0000000800000000)
  region size 2048K, 1 young (2048K), 1 survivors (2048K)
 Metaspace       used 84407K, committed 85120K, reserved 1179648K
  class space    used 11209K, committed 11584K, reserved 1048576K
}

