# JRE version: OpenJDK Runtime Environment Temurin-17.0.7+7 (17.0.7+7) (build 17.0.7+7)
# Java VM: OpenJDK 64-Bit Server VM Temurin-17.0.7+7 (17.0.7+7, mixed mode, sharing, tiered, compressed oops, compressed class ptrs, g1 gc, windows-amd64)
GC Precious Log:
 CPUs: 16 total, 16 available
 Memory: 16077M
 Large Page Support: Disabled
 NUMA Support: Disabled
 Compressed Oops: Enabled (Zero based)
 Heap Region Size: 2M
 Heap Min Capacity: 512M
 Heap Initial Capacity: 512M
 Heap Max Capacity: 4072M
 Pre-touch: Disabled
 Parallel Workers: 13
 Concurrent Workers: 3
 Concurrent Refinement Workers: 13
 Periodic GC: Disabled
 String Deduplication is enabled
Heap:
 garbage-first heap   total 524288K, used 206151K [0x0000000701800000, 0x0000000800000000)
  region size 2048K, 25 young (51200K), 2 survivors (4096K)
 Metaspace       used 104489K, committed 105088K, reserved 1179648K
  class space    used 15020K, committed 15360K, reserved 1048576K
GC Heap History (20 events):
Event: 10564.300 GC heap before
{Heap before GC invocations=264 (full 15):
 garbage-first heap   total 524288K, used 238969K [0x0000000701800000, 0x0000000800000000)
  region size 2048K, 40 young (81920K), 2 survivors (4096K)
 Metaspace       used 104415K, committed 104960K, reserved 1179648K
  class space    used 15020K, committed 15360K, reserved 1048576K
}
Event: 10564.305 GC heap after
{Heap after GC invocations=265 (full 15):
 garbage-first heap   total 524288K, used 161400K [0x0000000701800000, 0x0000000800000000)
  region size 2048K, 2 young (4096K), 2 survivors (4096K)
 Metaspace       used 104415K, committed 104960K, reserved 1179648K
  class space    used 15020K, committed 15360K, reserved 1048576K
}
Event: 10624.745 GC heap before
{Heap before GC invocations=265 (full 15):
 garbage-first heap   total 524288K, used 237176K [0x0000000701800000, 0x0000000800000000)
  region size 2048K, 40 young (81920K), 2 survivors (4096K)
 Metaspace       used 104439K, committed 104960K, reserved 1179648K
  class space    used 15020K, committed 15360K, reserved 1048576K
}
Event: 10624.769 GC heap after
{Heap after GC invocations=266 (full 15):
 garbage-first heap   total 524288K, used 161094K [0x0000000701800000, 0x0000000800000000)
  region size 2048K, 2 young (4096K), 2 survivors (4096K)
 Metaspace       used 104439K, committed 104960K, reserved 1179648K
  class space    used 15020K, committed 15360K, reserved 1048576K
}
Event: 10727.206 GC heap before
{Heap before GC invocations=266 (full 15):
 garbage-first heap   total 524288K, used 238918K [0x0000000701800000, 0x0000000800000000)
  region size 2048K, 40 young (81920K), 2 survivors (4096K)
 Metaspace       used 104439K, committed 104960K, reserved 1179648K
  class space    used 15020K, committed 15360K, reserved 1048576K
}
Event: 10727.222 GC heap after
{Heap after GC invocations=267 (full 15):
 garbage-first heap   total 524288K, used 161274K [0x0000000701800000, 0x0000000800000000)
  region size 2048K, 2 young (4096K), 2 survivors (4096K)
 Metaspace       used 104439K, committed 104960K, reserved 1179648K
  class space    used 15020K, committed 15360K, reserved 1048576K
}
Event: 10800.284 GC heap before
{Heap before GC invocations=267 (full 15):
 garbage-first heap   total 524288K, used 239098K [0x0000000701800000, 0x0000000800000000)
  region size 2048K, 40 young (81920K), 2 survivors (4096K)
 Metaspace       used 104440K, committed 104960K, reserved 1179648K
  class space    used 15020K, committed 15360K, reserved 1048576K
}
Event: 10800.288 GC heap after
{Heap after GC invocations=268 (full 15):
 garbage-first heap   total 524288K, used 161423K [0x0000000701800000, 0x0000000800000000)
  region size 2048K, 2 young (4096K), 2 survivors (4096K)
 Metaspace       used 104440K, committed 104960K, reserved 1179648K
  class space    used 15020K, committed 15360K, reserved 1048576K
}
Event: 10898.745 GC heap before
{Heap before GC invocations=268 (full 15):
 garbage-first heap   total 524288K, used 239247K [0x0000000701800000, 0x0000000800000000)
  region size 2048K, 40 young (81920K), 2 survivors (4096K)
 Metaspace       used 104441K, committed 104960K, reserved 1179648K
  class space    used 15020K, committed 15360K, reserved 1048576K
}
Event: 10898.770 GC heap after
{Heap after GC invocations=269 (full 15):
 garbage-first heap   total 524288K, used 161341K [0x0000000701800000, 0x0000000800000000)
  region size 2048K, 2 young (4096K), 2 survivors (4096K)
 Metaspace       used 104441K, committed 104960K, reserved 1179648K
  class space    used 15020K, committed 15360K, reserved 1048576K
}
Event: 11001.167 GC heap before
{Heap before GC invocations=269 (full 15):
 garbage-first heap   total 524288K, used 239165K [0x0000000701800000, 0x0000000800000000)
  region size 2048K, 40 young (81920K), 2 survivors (4096K)
 Metaspace       used 104441K, committed 104960K, reserved 1179648K
  class space    used 15020K, committed 15360K, reserved 1048576K
}
Event: 11001.179 GC heap after
{Heap after GC invocations=270 (full 15):
 garbage-first heap   total 524288K, used 161235K [0x0000000701800000, 0x0000000800000000)
  region size 2048K, 2 young (4096K), 2 survivors (4096K)
 Metaspace       used 104441K, committed 104960K, reserved 1179648K
  class space    used 15020K, committed 15360K, reserved 1048576K
}
Event: 11088.682 GC heap before
{Heap before GC invocations=270 (full 15):
 garbage-first heap   total 524288K, used 239059K [0x0000000701800000, 0x0000000800000000)
  region size 2048K, 40 young (81920K), 2 survivors (4096K)
 Metaspace       used 104443K, committed 104960K, reserved 1179648K
  class space    used 15020K, committed 15360K, reserved 1048576K
}
Event: 11088.686 GC heap after
{Heap after GC invocations=271 (full 15):
 garbage-first heap   total 524288K, used 161483K [0x0000000701800000, 0x0000000800000000)
  region size 2048K, 3 young (6144K), 3 survivors (6144K)
 Metaspace       used 104443K, committed 104960K, reserved 1179648K
  class space    used 15020K, committed 15360K, reserved 1048576K
}
Event: 11110.144 GC heap before
{Heap before GC invocations=271 (full 15):
 garbage-first heap   total 524288K, used 237259K [0x0000000701800000, 0x0000000800000000)
  region size 2048K, 40 young (81920K), 3 survivors (6144K)
 Metaspace       used 104455K, committed 105024K, reserved 1179648K
  class space    used 15020K, committed 15360K, reserved 1048576K
}
Event: 11110.148 GC heap after
{Heap after GC invocations=272 (full 15):
 garbage-first heap   total 524288K, used 161406K [0x0000000701800000, 0x0000000800000000)
  region size 2048K, 2 young (4096K), 2 survivors (4096K)
 Metaspace       used 104455K, committed 105024K, reserved 1179648K
  class space    used 15020K, committed 15360K, reserved 1048576K
}
Event: 11111.486 GC heap before
{Heap before GC invocations=272 (full 15):
 garbage-first heap   total 524288K, used 239230K [0x0000000701800000, 0x0000000800000000)
  region size 2048K, 40 young (81920K), 2 survivors (4096K)
 Metaspace       used 104455K, committed 105024K, reserved 1179648K
  class space    used 15020K, committed 15360K, reserved 1048576K
}
Event: 11111.489 GC heap after
{Heap after GC invocations=273 (full 15):
 garbage-first heap   total 524288K, used 160962K [0x0000000701800000, 0x0000000800000000)
  region size 2048K, 2 young (4096K), 2 survivors (4096K)
 Metaspace       used 104455K, committed 105024K, reserved 1179648K
  class space    used 15020K, committed 15360K, reserved 1048576K
}
Event: 11112.285 GC heap before
{Heap before GC invocations=273 (full 15):
 garbage-first heap   total 524288K, used 238786K [0x0000000701800000, 0x0000000800000000)
  region size 2048K, 40 young (81920K), 2 survivors (4096K)
 Metaspace       used 104455K, committed 105024K, reserved 1179648K
  class space    used 15020K, committed 15360K, reserved 1048576K
}
Event: 11112.288 GC heap after
{Heap after GC invocations=274 (full 15):
 garbage-first heap   total 524288K, used 161095K [0x0000000701800000, 0x0000000800000000)
  region size 2048K, 2 young (4096K), 2 survivors (4096K)
 Metaspace       used 104455K, committed 105024K, reserved 1179648K
  class space    used 15020K, committed 15360K, reserved 1048576K
}

